2025-04-28 19:56:02.536 [info] [main] Log level: Info
2025-04-28 19:56:02.537 [info] [main] Validating found git in: "/usr/bin/git"
2025-04-28 19:56:02.587 [info] [main] Using git "2.37.1 (Apple Git-137.1)" from "/usr/bin/git"
2025-04-28 19:56:02.587 [info] [Model][doInitialScan] Initial repository scan started
2025-04-28 19:56:04.254 [info] > git rev-parse --show-toplevel [1655ms]
2025-04-28 19:56:04.557 [info] > git rev-parse --git-dir --git-common-dir [181ms]
2025-04-28 19:56:04.568 [info] [Model][openRepository] Opened repository: /Users/shaikhtahir/Documents/By Haart/Byheart
2025-04-28 19:56:04.781 [info] > git config --get commit.template [38ms]
2025-04-28 19:56:04.783 [info] > git rev-parse --show-toplevel [40ms]
2025-04-28 19:56:05.129 [info] > git for-each-ref --format=%(refname)%00%(upstream:short)%00%(objectname)%00%(upstream:track)%00%(upstream:remotename)%00%(upstream:remoteref) --ignore-case refs/heads/master refs/remotes/master [347ms]
2025-04-28 19:56:05.132 [warning] [Git][revParse] Unable to read file: ENOENT: no such file or directory, open '/Users/shaikhtahir/Documents/By Haart/Byheart/.git/refs/remotes/origin/master'
2025-04-28 19:56:05.147 [info] > git rev-parse --show-toplevel [25ms]
2025-04-28 19:56:05.154 [info] > git rev-parse refs/remotes/origin/master [22ms]
2025-04-28 19:56:05.169 [info] > git rev-parse --show-toplevel [21ms]
2025-04-28 19:56:05.171 [info] [Model][doInitialScan] Initial repository scan completed - repositories (1), closed repositories (0), parent repositories (0), unsafe repositories (0)
2025-04-28 19:56:05.181 [info] > git for-each-ref --sort -committerdate --format %(refname) %(objectname) %(*objectname) [24ms]
2025-04-28 19:56:05.190 [info] > git status -z -uall [34ms]
2025-04-28 19:56:05.224 [info] > git show --textconv :app.py [51ms]
2025-04-28 19:56:05.252 [info] > git ls-files --stage -- app.py [77ms]
2025-04-28 19:56:05.306 [info] > git config --get commit.template [82ms]
2025-04-28 19:56:05.307 [info] > git for-each-ref --format=%(refname)%00%(upstream:short)%00%(objectname)%00%(upstream:track)%00%(upstream:remotename)%00%(upstream:remoteref) --ignore-case refs/heads/master refs/remotes/master [95ms]
2025-04-28 19:56:05.321 [info] > git for-each-ref --format=%(refname)%00%(upstream:short)%00%(objectname)%00%(upstream:track)%00%(upstream:remotename)%00%(upstream:remoteref) --ignore-case refs/heads/master refs/remotes/master [61ms]
2025-04-28 19:56:05.323 [warning] [Git][revParse] Unable to read file: ENOENT: no such file or directory, open '/Users/shaikhtahir/Documents/By Haart/Byheart/.git/refs/remotes/origin/master'
2025-04-28 19:56:05.323 [info] > git cat-file -s 35d5d152332685e97bb7d3a26123879a0de7ec16 [69ms]
2025-04-28 19:56:05.325 [info] > git check-ignore -v -z --stdin [36ms]
2025-04-28 19:56:05.345 [info] > git config --get --local branch.master.vscode-merge-base [36ms]
2025-04-28 19:56:05.349 [info] > git rev-parse refs/remotes/origin/master [25ms]
2025-04-28 19:56:05.375 [info] > git for-each-ref --format=%(refname)%00%(upstream:short)%00%(objectname)%00%(upstream:track)%00%(upstream:remotename)%00%(upstream:remoteref) --ignore-case refs/heads/origin/master refs/remotes/origin/master [27ms]
2025-04-28 19:56:05.410 [info] > git status -z -uall [59ms]
2025-04-28 19:56:05.421 [info] > git for-each-ref --sort -committerdate --format %(refname) %(objectname) %(*objectname) [68ms]
2025-04-28 19:56:05.423 [info] > git merge-base refs/heads/master refs/remotes/origin/master [44ms]
2025-04-28 19:56:05.496 [info] > git diff --name-status -z --diff-filter=ADMR ca61b9b7008f839571a3f19d8422b23e46a06b78...refs/remotes/origin/master [58ms]
2025-04-28 19:56:05.547 [info] > git merge-base refs/heads/master refs/remotes/origin/master [78ms]
2025-04-28 19:56:05.628 [info] > git diff --name-status -z --diff-filter=ADMR ca61b9b7008f839571a3f19d8422b23e46a06b78...refs/remotes/origin/master [79ms]
2025-04-28 19:56:05.678 [info] > git blame --root --incremental ca61b9b7008f839571a3f19d8422b23e46a06b78 -- app.py [24ms]
2025-04-28 19:56:12.243 [info] > git check-ignore -v -z --stdin [15ms]
2025-04-28 19:59:21.325 [info] > git check-ignore -v -z --stdin [17ms]
2025-04-28 19:59:23.316 [info] > git check-ignore -v -z --stdin [16ms]
2025-04-28 19:59:25.322 [info] > git check-ignore -v -z --stdin [18ms]
2025-04-28 19:59:26.933 [info] > git config --get commit.template [33ms]
2025-04-28 19:59:26.946 [info] > git for-each-ref --format=%(refname)%00%(upstream:short)%00%(objectname)%00%(upstream:track)%00%(upstream:remotename)%00%(upstream:remoteref) --ignore-case refs/heads/master refs/remotes/master [45ms]
2025-04-28 19:59:26.958 [warning] [Git][revParse] Unable to read file: ENOENT: no such file or directory, open '/Users/shaikhtahir/Documents/By Haart/Byheart/.git/refs/remotes/origin/master'
2025-04-28 19:59:26.980 [info] > git rev-parse refs/remotes/origin/master [22ms]
2025-04-28 19:59:27.002 [info] > git for-each-ref --sort -committerdate --format %(refname) %(objectname) %(*objectname) [20ms]
2025-04-28 19:59:27.005 [info] > git status -z -uall [24ms]
2025-04-28 19:59:30.768 [info] > git ls-files --stage -- templates/index.html [33ms]
2025-04-28 19:59:30.769 [info] > git show --textconv :templates/index.html [37ms]
2025-04-28 19:59:30.789 [info] > git cat-file -s 9d169a19d14b9c033bccade00c4374bd5376b533 [21ms]
2025-04-28 19:59:30.822 [info] > git blame --root --incremental ca61b9b7008f839571a3f19d8422b23e46a06b78 -- templates/index.html [18ms]
2025-04-28 19:59:32.030 [info] > git config --get commit.template [18ms]
2025-04-28 19:59:32.032 [info] > git for-each-ref --format=%(refname)%00%(upstream:short)%00%(objectname)%00%(upstream:track)%00%(upstream:remotename)%00%(upstream:remoteref) --ignore-case refs/heads/master refs/remotes/master [19ms]
2025-04-28 19:59:32.033 [warning] [Git][revParse] Unable to read file: ENOENT: no such file or directory, open '/Users/shaikhtahir/Documents/By Haart/Byheart/.git/refs/remotes/origin/master'
2025-04-28 19:59:32.050 [info] > git rev-parse refs/remotes/origin/master [17ms]
2025-04-28 19:59:32.067 [info] > git for-each-ref --sort -committerdate --format %(refname) %(objectname) %(*objectname) [16ms]
2025-04-28 19:59:32.069 [info] > git status -z -uall [19ms]
2025-04-28 19:59:48.323 [info] > git config --get commit.template [17ms]
2025-04-28 19:59:48.325 [info] > git for-each-ref --format=%(refname)%00%(upstream:short)%00%(objectname)%00%(upstream:track)%00%(upstream:remotename)%00%(upstream:remoteref) --ignore-case refs/heads/master refs/remotes/master [17ms]
2025-04-28 19:59:48.326 [warning] [Git][revParse] Unable to read file: ENOENT: no such file or directory, open '/Users/shaikhtahir/Documents/By Haart/Byheart/.git/refs/remotes/origin/master'
2025-04-28 19:59:48.342 [info] > git rev-parse refs/remotes/origin/master [16ms]
2025-04-28 19:59:48.362 [info] > git for-each-ref --sort -committerdate --format %(refname) %(objectname) %(*objectname) [18ms]
2025-04-28 19:59:48.363 [info] > git status -z -uall [20ms]
2025-04-28 19:59:54.416 [info] > git config --get commit.template [19ms]
2025-04-28 19:59:54.418 [info] > git for-each-ref --format=%(refname)%00%(upstream:short)%00%(objectname)%00%(upstream:track)%00%(upstream:remotename)%00%(upstream:remoteref) --ignore-case refs/heads/master refs/remotes/master [20ms]
2025-04-28 19:59:54.419 [warning] [Git][revParse] Unable to read file: ENOENT: no such file or directory, open '/Users/shaikhtahir/Documents/By Haart/Byheart/.git/refs/remotes/origin/master'
2025-04-28 19:59:54.435 [info] > git rev-parse refs/remotes/origin/master [16ms]
2025-04-28 19:59:54.454 [info] > git for-each-ref --sort -committerdate --format %(refname) %(objectname) %(*objectname) [18ms]
2025-04-28 19:59:54.456 [info] > git status -z -uall [21ms]
2025-04-28 19:59:55.720 [info] > git show --textconv :app.py [20ms]
2025-04-28 19:59:55.721 [info] > git ls-files --stage -- app.py [20ms]
2025-04-28 19:59:55.738 [info] > git cat-file -s 35d5d152332685e97bb7d3a26123879a0de7ec16 [16ms]
2025-04-28 20:00:23.397 [info] > git ls-files --stage -- app.py [17ms]
2025-04-28 20:00:23.398 [info] > git show --textconv :app.py [20ms]
2025-04-28 20:00:23.413 [info] > git cat-file -s 35d5d152332685e97bb7d3a26123879a0de7ec16 [16ms]
2025-04-28 20:00:24.481 [info] > git config --get commit.template [18ms]
2025-04-28 20:00:24.482 [info] > git for-each-ref --format=%(refname)%00%(upstream:short)%00%(objectname)%00%(upstream:track)%00%(upstream:remotename)%00%(upstream:remoteref) --ignore-case refs/heads/master refs/remotes/master [17ms]
2025-04-28 20:00:24.482 [warning] [Git][revParse] Unable to read file: ENOENT: no such file or directory, open '/Users/shaikhtahir/Documents/By Haart/Byheart/.git/refs/remotes/origin/master'
2025-04-28 20:00:24.499 [info] > git rev-parse refs/remotes/origin/master [17ms]
2025-04-28 20:00:24.518 [info] > git for-each-ref --sort -committerdate --format %(refname) %(objectname) %(*objectname) [17ms]
2025-04-28 20:00:24.520 [info] > git status -z -uall [20ms]
2025-04-28 20:00:29.598 [info] > git for-each-ref --format=%(refname)%00%(upstream:short)%00%(objectname)%00%(upstream:track)%00%(upstream:remotename)%00%(upstream:remoteref) --ignore-case refs/heads/master refs/remotes/master [39ms]
2025-04-28 20:00:29.599 [warning] [Git][revParse] Unable to read file: ENOENT: no such file or directory, open '/Users/shaikhtahir/Documents/By Haart/Byheart/.git/refs/remotes/origin/master'
2025-04-28 20:00:29.599 [info] > git config --get commit.template [46ms]
2025-04-28 20:00:29.616 [info] > git rev-parse refs/remotes/origin/master [18ms]
2025-04-28 20:00:29.640 [info] > git for-each-ref --sort -committerdate --format %(refname) %(objectname) %(*objectname) [22ms]
2025-04-28 20:00:29.643 [info] > git status -z -uall [26ms]
2025-04-28 20:00:34.287 [info] > git ls-files --stage -- templates/index.html [15ms]
2025-04-28 20:00:34.288 [info] > git show --textconv :templates/index.html [17ms]
2025-04-28 20:00:34.305 [info] > git cat-file -s 9d169a19d14b9c033bccade00c4374bd5376b533 [17ms]
2025-04-28 20:00:52.023 [info] > git config --get commit.template [18ms]
2025-04-28 20:00:52.025 [info] > git for-each-ref --format=%(refname)%00%(upstream:short)%00%(objectname)%00%(upstream:track)%00%(upstream:remotename)%00%(upstream:remoteref) --ignore-case refs/heads/master refs/remotes/master [17ms]
2025-04-28 20:00:52.026 [warning] [Git][revParse] Unable to read file: ENOENT: no such file or directory, open '/Users/shaikhtahir/Documents/By Haart/Byheart/.git/refs/remotes/origin/master'
2025-04-28 20:00:52.044 [info] > git rev-parse refs/remotes/origin/master [18ms]
2025-04-28 20:00:52.062 [info] > git for-each-ref --sort -committerdate --format %(refname) %(objectname) %(*objectname) [16ms]
2025-04-28 20:00:52.064 [info] > git status -z -uall [19ms]
2025-04-28 20:00:57.567 [info] > git config --get commit.template [20ms]
2025-04-28 20:00:57.568 [info] > git for-each-ref --format=%(refname)%00%(upstream:short)%00%(objectname)%00%(upstream:track)%00%(upstream:remotename)%00%(upstream:remoteref) --ignore-case refs/heads/master refs/remotes/master [20ms]
2025-04-28 20:00:57.569 [warning] [Git][revParse] Unable to read file: ENOENT: no such file or directory, open '/Users/shaikhtahir/Documents/By Haart/Byheart/.git/refs/remotes/origin/master'
2025-04-28 20:00:57.585 [info] > git rev-parse refs/remotes/origin/master [16ms]
2025-04-28 20:00:57.608 [info] > git for-each-ref --sort -committerdate --format %(refname) %(objectname) %(*objectname) [21ms]
2025-04-28 20:00:57.611 [info] > git status -z -uall [25ms]
2025-04-28 20:01:15.323 [info] > git check-ignore -v -z --stdin [17ms]
2025-04-28 20:01:34.840 [info] > git config --get commit.template [36ms]
2025-04-28 20:01:34.841 [info] > git for-each-ref --format=%(refname)%00%(upstream:short)%00%(objectname)%00%(upstream:track)%00%(upstream:remotename)%00%(upstream:remoteref) --ignore-case refs/heads/master refs/remotes/master [31ms]
2025-04-28 20:01:34.842 [warning] [Git][revParse] Unable to read file: ENOENT: no such file or directory, open '/Users/shaikhtahir/Documents/By Haart/Byheart/.git/refs/remotes/origin/master'
2025-04-28 20:01:34.863 [info] > git rev-parse refs/remotes/origin/master [21ms]
2025-04-28 20:01:34.883 [info] > git for-each-ref --sort -committerdate --format %(refname) %(objectname) %(*objectname) [18ms]
2025-04-28 20:01:34.886 [info] > git status -z -uall [21ms]
2025-04-28 20:01:39.913 [info] > git config --get commit.template [17ms]
2025-04-28 20:01:39.914 [info] > git for-each-ref --format=%(refname)%00%(upstream:short)%00%(objectname)%00%(upstream:track)%00%(upstream:remotename)%00%(upstream:remoteref) --ignore-case refs/heads/master refs/remotes/master [17ms]
2025-04-28 20:01:39.915 [warning] [Git][revParse] Unable to read file: ENOENT: no such file or directory, open '/Users/shaikhtahir/Documents/By Haart/Byheart/.git/refs/remotes/origin/master'
2025-04-28 20:01:39.929 [info] > git rev-parse refs/remotes/origin/master [14ms]
2025-04-28 20:01:39.947 [info] > git for-each-ref --sort -committerdate --format %(refname) %(objectname) %(*objectname) [16ms]
2025-04-28 20:01:39.948 [info] > git status -z -uall [18ms]
2025-04-28 20:01:48.355 [info] > git config --get commit.template [19ms]
2025-04-28 20:01:48.356 [info] > git for-each-ref --format=%(refname)%00%(upstream:short)%00%(objectname)%00%(upstream:track)%00%(upstream:remotename)%00%(upstream:remoteref) --ignore-case refs/heads/master refs/remotes/master [19ms]
2025-04-28 20:01:48.357 [warning] [Git][revParse] Unable to read file: ENOENT: no such file or directory, open '/Users/shaikhtahir/Documents/By Haart/Byheart/.git/refs/remotes/origin/master'
2025-04-28 20:01:48.372 [info] > git rev-parse refs/remotes/origin/master [15ms]
2025-04-28 20:01:48.391 [info] > git for-each-ref --sort -committerdate --format %(refname) %(objectname) %(*objectname) [17ms]
2025-04-28 20:01:48.393 [info] > git status -z -uall [20ms]
2025-04-28 20:01:53.418 [info] > git config --get commit.template [17ms]
2025-04-28 20:01:53.419 [info] > git for-each-ref --format=%(refname)%00%(upstream:short)%00%(objectname)%00%(upstream:track)%00%(upstream:remotename)%00%(upstream:remoteref) --ignore-case refs/heads/master refs/remotes/master [17ms]
2025-04-28 20:01:53.420 [warning] [Git][revParse] Unable to read file: ENOENT: no such file or directory, open '/Users/shaikhtahir/Documents/By Haart/Byheart/.git/refs/remotes/origin/master'
2025-04-28 20:01:53.435 [info] > git rev-parse refs/remotes/origin/master [15ms]
2025-04-28 20:01:53.452 [info] > git for-each-ref --sort -committerdate --format %(refname) %(objectname) %(*objectname) [15ms]
2025-04-28 20:01:53.454 [info] > git status -z -uall [18ms]
2025-04-28 20:02:49.828 [info] > git ls-files --stage -- templates/index.html [19ms]
2025-04-28 20:02:49.829 [info] > git show --textconv :templates/index.html [21ms]
2025-04-28 20:02:49.843 [info] > git cat-file -s 9d169a19d14b9c033bccade00c4374bd5376b533 [15ms]
2025-04-28 20:03:13.348 [info] > git check-ignore -v -z --stdin [18ms]
2025-04-28 20:03:46.324 [info] > git check-ignore -v -z --stdin [18ms]
2025-04-28 20:04:28.331 [info] > git check-ignore -v -z --stdin [18ms]
2025-04-28 20:05:11.442 [info] > git config --get commit.template [42ms]
2025-04-28 20:05:11.446 [info] > git for-each-ref --format=%(refname)%00%(upstream:short)%00%(objectname)%00%(upstream:track)%00%(upstream:remotename)%00%(upstream:remoteref) --ignore-case refs/heads/master refs/remotes/master [43ms]
2025-04-28 20:05:11.447 [warning] [Git][revParse] Unable to read file: ENOENT: no such file or directory, open '/Users/shaikhtahir/Documents/By Haart/Byheart/.git/refs/remotes/origin/master'
2025-04-28 20:05:11.470 [info] > git rev-parse refs/remotes/origin/master [22ms]
2025-04-28 20:05:11.491 [info] > git for-each-ref --sort -committerdate --format %(refname) %(objectname) %(*objectname) [18ms]
2025-04-28 20:05:11.495 [info] > git status -z -uall [25ms]
2025-04-28 20:05:16.519 [info] > git config --get commit.template [16ms]
2025-04-28 20:05:16.520 [info] > git for-each-ref --format=%(refname)%00%(upstream:short)%00%(objectname)%00%(upstream:track)%00%(upstream:remotename)%00%(upstream:remoteref) --ignore-case refs/heads/master refs/remotes/master [16ms]
2025-04-28 20:05:16.521 [warning] [Git][revParse] Unable to read file: ENOENT: no such file or directory, open '/Users/shaikhtahir/Documents/By Haart/Byheart/.git/refs/remotes/origin/master'
2025-04-28 20:05:16.536 [info] > git rev-parse refs/remotes/origin/master [15ms]
2025-04-28 20:05:16.553 [info] > git for-each-ref --sort -committerdate --format %(refname) %(objectname) %(*objectname) [15ms]
2025-04-28 20:05:16.555 [info] > git status -z -uall [18ms]
2025-04-28 20:05:21.586 [info] > git config --get commit.template [26ms]
2025-04-28 20:05:21.587 [info] > git for-each-ref --format=%(refname)%00%(upstream:short)%00%(objectname)%00%(upstream:track)%00%(upstream:remotename)%00%(upstream:remoteref) --ignore-case refs/heads/master refs/remotes/master [26ms]
2025-04-28 20:05:21.588 [warning] [Git][revParse] Unable to read file: ENOENT: no such file or directory, open '/Users/shaikhtahir/Documents/By Haart/Byheart/.git/refs/remotes/origin/master'
2025-04-28 20:05:21.610 [info] > git rev-parse refs/remotes/origin/master [22ms]
2025-04-28 20:05:21.640 [info] > git for-each-ref --sort -committerdate --format %(refname) %(objectname) %(*objectname) [26ms]
2025-04-28 20:05:21.643 [info] > git status -z -uall [31ms]
2025-04-28 20:06:33.886 [info] > git config --get commit.template [52ms]
2025-04-28 20:06:33.889 [info] > git for-each-ref --format=%(refname)%00%(upstream:short)%00%(objectname)%00%(upstream:track)%00%(upstream:remotename)%00%(upstream:remoteref) --ignore-case refs/heads/master refs/remotes/master [47ms]
2025-04-28 20:06:33.892 [warning] [Git][revParse] Unable to read file: ENOENT: no such file or directory, open '/Users/shaikhtahir/Documents/By Haart/Byheart/.git/refs/remotes/origin/master'
2025-04-28 20:06:33.918 [info] > git rev-parse refs/remotes/origin/master [26ms]
2025-04-28 20:06:33.944 [info] > git for-each-ref --sort -committerdate --format %(refname) %(objectname) %(*objectname) [22ms]
2025-04-28 20:06:33.946 [info] > git status -z -uall [26ms]
2025-04-28 20:06:38.973 [info] > git config --get commit.template [17ms]
2025-04-28 20:06:38.974 [info] > git for-each-ref --format=%(refname)%00%(upstream:short)%00%(objectname)%00%(upstream:track)%00%(upstream:remotename)%00%(upstream:remoteref) --ignore-case refs/heads/master refs/remotes/master [17ms]
2025-04-28 20:06:38.975 [warning] [Git][revParse] Unable to read file: ENOENT: no such file or directory, open '/Users/shaikhtahir/Documents/By Haart/Byheart/.git/refs/remotes/origin/master'
2025-04-28 20:06:38.990 [info] > git rev-parse refs/remotes/origin/master [15ms]
2025-04-28 20:06:39.007 [info] > git for-each-ref --sort -committerdate --format %(refname) %(objectname) %(*objectname) [16ms]
2025-04-28 20:06:39.009 [info] > git status -z -uall [19ms]
2025-04-28 20:07:00.064 [info] > git ls-files --stage -- templates/index.html [16ms]
2025-04-28 20:07:00.065 [info] > git show --textconv :templates/index.html [18ms]
2025-04-28 20:07:00.081 [info] > git cat-file -s 9d169a19d14b9c033bccade00c4374bd5376b533 [16ms]
2025-04-28 20:07:10.924 [info] > git config --get commit.template [19ms]
2025-04-28 20:07:10.925 [info] > git for-each-ref --format=%(refname)%00%(upstream:short)%00%(objectname)%00%(upstream:track)%00%(upstream:remotename)%00%(upstream:remoteref) --ignore-case refs/heads/master refs/remotes/master [18ms]
2025-04-28 20:07:10.926 [warning] [Git][revParse] Unable to read file: ENOENT: no such file or directory, open '/Users/shaikhtahir/Documents/By Haart/Byheart/.git/refs/remotes/origin/master'
2025-04-28 20:07:10.943 [info] > git rev-parse refs/remotes/origin/master [17ms]
2025-04-28 20:07:10.960 [info] > git for-each-ref --sort -committerdate --format %(refname) %(objectname) %(*objectname) [16ms]
2025-04-28 20:07:10.962 [info] > git status -z -uall [19ms]
2025-04-28 20:07:15.989 [info] > git config --get commit.template [22ms]
2025-04-28 20:07:15.994 [info] > git for-each-ref --format=%(refname)%00%(upstream:short)%00%(objectname)%00%(upstream:track)%00%(upstream:remotename)%00%(upstream:remoteref) --ignore-case refs/heads/master refs/remotes/master [22ms]
2025-04-28 20:07:15.995 [warning] [Git][revParse] Unable to read file: ENOENT: no such file or directory, open '/Users/shaikhtahir/Documents/By Haart/Byheart/.git/refs/remotes/origin/master'
2025-04-28 20:07:16.014 [info] > git rev-parse refs/remotes/origin/master [19ms]
2025-04-28 20:07:16.031 [info] > git for-each-ref --sort -committerdate --format %(refname) %(objectname) %(*objectname) [15ms]
2025-04-28 20:07:16.033 [info] > git status -z -uall [18ms]
2025-04-29 11:00:48.079 [info] > git check-ignore -v -z --stdin [23ms]
2025-04-29 11:00:53.038 [info] > git check-ignore -v -z --stdin [19ms]
2025-04-29 11:01:04.040 [info] > git check-ignore -v -z --stdin [19ms]
2025-04-29 11:01:05.002 [info] > git config --get commit.template [23ms]
2025-04-29 11:01:05.010 [info] > git for-each-ref --format=%(refname)%00%(upstream:short)%00%(objectname)%00%(upstream:track)%00%(upstream:remotename)%00%(upstream:remoteref) --ignore-case refs/heads/master refs/remotes/master [28ms]
2025-04-29 11:01:05.011 [warning] [Git][revParse] Unable to read file: ENOENT: no such file or directory, open '/Users/shaikhtahir/Documents/By Haart/Byheart/.git/refs/remotes/origin/master'
2025-04-29 11:01:05.031 [info] > git rev-parse refs/remotes/origin/master [20ms]
2025-04-29 11:01:05.058 [info] > git for-each-ref --sort -committerdate --format %(refname) %(objectname) %(*objectname) [24ms]
2025-04-29 11:01:05.065 [info] > git status -z -uall [32ms]
2025-04-29 11:01:10.094 [info] > git config --get commit.template [17ms]
2025-04-29 11:01:10.095 [info] > git for-each-ref --format=%(refname)%00%(upstream:short)%00%(objectname)%00%(upstream:track)%00%(upstream:remotename)%00%(upstream:remoteref) --ignore-case refs/heads/master refs/remotes/master [17ms]
2025-04-29 11:01:10.096 [warning] [Git][revParse] Unable to read file: ENOENT: no such file or directory, open '/Users/shaikhtahir/Documents/By Haart/Byheart/.git/refs/remotes/origin/master'
2025-04-29 11:01:10.110 [info] > git rev-parse refs/remotes/origin/master [14ms]
2025-04-29 11:01:10.127 [info] > git for-each-ref --sort -committerdate --format %(refname) %(objectname) %(*objectname) [15ms]
2025-04-29 11:01:10.129 [info] > git status -z -uall [18ms]
2025-04-29 11:05:25.484 [info] > git config --get commit.template [33ms]
2025-04-29 11:05:25.485 [info] > git for-each-ref --format=%(refname)%00%(upstream:short)%00%(objectname)%00%(upstream:track)%00%(upstream:remotename)%00%(upstream:remoteref) --ignore-case refs/heads/master refs/remotes/master [32ms]
2025-04-29 11:05:25.486 [warning] [Git][revParse] Unable to read file: ENOENT: no such file or directory, open '/Users/shaikhtahir/Documents/By Haart/Byheart/.git/refs/remotes/origin/master'
2025-04-29 11:05:25.506 [info] > git rev-parse refs/remotes/origin/master [20ms]
2025-04-29 11:05:25.530 [info] > git status -z -uall [22ms]
2025-04-29 11:05:25.530 [info] > git for-each-ref --sort -committerdate --format %(refname) %(objectname) %(*objectname) [21ms]
2025-04-29 11:05:26.771 [info] > git log --format=%H%n%aN%n%aE%n%at%n%ct%n%P%n%D%n%B -z --shortstat --diff-merges=first-parent -n50 --skip=0 --topo-order --decorate=full --stdin [25ms]
2025-04-29 11:05:27.438 [info] > git check-ignore -v -z --stdin [29ms]
2025-04-29 11:05:30.557 [info] > git config --get commit.template [17ms]
2025-04-29 11:05:30.558 [info] > git for-each-ref --format=%(refname)%00%(upstream:short)%00%(objectname)%00%(upstream:track)%00%(upstream:remotename)%00%(upstream:remoteref) --ignore-case refs/heads/master refs/remotes/master [17ms]
2025-04-29 11:05:30.559 [warning] [Git][revParse] Unable to read file: ENOENT: no such file or directory, open '/Users/shaikhtahir/Documents/By Haart/Byheart/.git/refs/remotes/origin/master'
2025-04-29 11:05:30.574 [info] > git rev-parse refs/remotes/origin/master [15ms]
2025-04-29 11:05:30.591 [info] > git for-each-ref --sort -committerdate --format %(refname) %(objectname) %(*objectname) [15ms]
2025-04-29 11:05:30.594 [info] > git status -z -uall [19ms]
2025-04-29 11:05:47.364 [info] > git check-ignore -v -z --stdin [18ms]
2025-04-29 11:14:31.669 [info] > git diff -- /Users/shaikhtahir/Documents/By Haart/Byheart/.DS_Store [18ms]
2025-04-29 11:14:31.688 [info] > git diff -- /Users/shaikhtahir/Documents/By Haart/Byheart/app.py [16ms]
2025-04-29 11:14:31.706 [info] > git diff -- /Users/shaikhtahir/Documents/By Haart/Byheart/database.db [17ms]
2025-04-29 11:14:31.730 [info] > git diff -- /Users/shaikhtahir/Documents/By Haart/Byheart/mic_recording.wav [22ms]
2025-04-29 11:14:31.748 [info] > git diff -- /Users/shaikhtahir/Documents/By Haart/Byheart/templates/index.html [17ms]
2025-04-29 11:14:31.767 [info] > git diff -- /Users/shaikhtahir/Documents/By Haart/Byheart/templates/results.html [18ms]
2025-04-29 11:14:31.784 [info] > git diff -- /Users/shaikhtahir/Documents/By Haart/Byheart/templates/typing.html [15ms]
2025-04-29 11:14:33.686 [info] > git log --format=%H%n%aN%n%aE%n%at%n%ct%n%P%n%D%n%B -z -n5 [16ms]
2025-04-29 11:14:33.704 [info] > git config --get --local user.name [16ms]
2025-04-29 11:14:33.704 [warning] [Git][config] git config failed: Failed to execute git
2025-04-29 11:14:33.722 [info] > git log --format=%H%n%aN%n%aE%n%at%n%ct%n%P%n%D%n%B -z -n5 [17ms]
2025-04-29 11:15:05.847 [info] > git log --format=%H%n%aN%n%aE%n%at%n%ct%n%P%n%D%n%B -z --shortstat --diff-merges=first-parent -n50 --skip=0 --topo-order --decorate=full --stdin [23ms]
2025-04-29 11:15:28.781 [info] > git add -A -- . [3626ms]
2025-04-29 11:15:28.805 [info] > git -c user.useConfigOnly=true commit --quiet --allow-empty-message --file - [23ms]
2025-04-29 11:15:28.805 [info] Author identity unknown

*** Please tell me who you are.

Run

  git config --global user.email "you@example.com"
  git config --global user.name "Your Name"

to set your account's default identity.
Omit --global to set the identity only in this repository.

fatal: no email was given and auto-detection is disabled
2025-04-29 11:15:28.822 [info] > git config --get-all user.name [16ms]
2025-04-29 11:15:28.839 [info] > git config --get commit.template [16ms]
2025-04-29 11:15:28.840 [info] > git for-each-ref --format=%(refname)%00%(upstream:short)%00%(objectname)%00%(upstream:track)%00%(upstream:remotename)%00%(upstream:remoteref) --ignore-case refs/heads/master refs/remotes/master [16ms]
2025-04-29 11:15:28.841 [warning] [Git][revParse] Unable to read file: ENOENT: no such file or directory, open '/Users/shaikhtahir/Documents/By Haart/Byheart/.git/refs/remotes/origin/master'
2025-04-29 11:15:28.857 [info] > git rev-parse refs/remotes/origin/master [16ms]
2025-04-29 11:15:28.875 [info] > git status -z -uall [17ms]
2025-04-29 11:15:28.875 [info] > git for-each-ref --sort -committerdate --format %(refname) %(objectname) %(*objectname) [16ms]
2025-04-29 11:15:28.899 [info] > git show -s --decorate=full --shortstat --format=%H%n%aN%n%aE%n%at%n%ct%n%P%n%D%n%B -z ca61b9b7008f839571a3f19d8422b23e46a06b78 [18ms]
2025-04-29 11:15:29.220 [info] > git ls-tree -l HEAD -- templates/index.html [22ms]
2025-04-29 11:15:29.221 [info] > git show --textconv HEAD:templates/index.html [25ms]
2025-04-29 11:15:29.992 [info] > git ls-files --stage -- templates/index.html [17ms]
2025-04-29 11:15:29.993 [info] > git ls-tree -l HEAD -- templates/index.html [16ms]
2025-04-29 11:15:30.008 [info] > git cat-file -s ef7e299911e697131a2d5e848dd3a5642d2183fc [16ms]
2025-04-29 11:15:30.010 [info] > git show --textconv HEAD:templates/index.html [15ms]
2025-04-29 11:15:30.024 [info] > git show --textconv :templates/index.html [15ms]
2025-04-29 11:15:36.594 [info] > git config --get commit.template [16ms]
2025-04-29 11:15:36.597 [info] > git for-each-ref --format=%(refname)%00%(upstream:short)%00%(objectname)%00%(upstream:track)%00%(upstream:remotename)%00%(upstream:remoteref) --ignore-case refs/heads/master refs/remotes/master [18ms]
2025-04-29 11:15:36.599 [warning] [Git][revParse] Unable to read file: ENOENT: no such file or directory, open '/Users/shaikhtahir/Documents/By Haart/Byheart/.git/refs/remotes/origin/master'
2025-04-29 11:15:36.619 [info] > git rev-parse refs/remotes/origin/master [20ms]
2025-04-29 11:15:36.645 [info] > git status -z -uall [25ms]
2025-04-29 11:15:36.647 [info] > git for-each-ref --sort -committerdate --format %(refname) %(objectname) %(*objectname) [25ms]
2025-04-29 11:15:41.671 [info] > git config --get commit.template [18ms]
2025-04-29 11:15:41.672 [info] > git for-each-ref --format=%(refname)%00%(upstream:short)%00%(objectname)%00%(upstream:track)%00%(upstream:remotename)%00%(upstream:remoteref) --ignore-case refs/heads/master refs/remotes/master [18ms]
2025-04-29 11:15:41.673 [warning] [Git][revParse] Unable to read file: ENOENT: no such file or directory, open '/Users/shaikhtahir/Documents/By Haart/Byheart/.git/refs/remotes/origin/master'
2025-04-29 11:15:41.693 [info] > git rev-parse refs/remotes/origin/master [20ms]
2025-04-29 11:15:41.713 [info] > git for-each-ref --sort -committerdate --format %(refname) %(objectname) %(*objectname) [19ms]
2025-04-29 11:15:41.715 [info] > git status -z -uall [21ms]
2025-04-29 11:16:01.262 [info] > git config --get commit.template [16ms]
2025-04-29 11:16:01.265 [info] > git for-each-ref --format=%(refname)%00%(upstream:short)%00%(objectname)%00%(upstream:track)%00%(upstream:remotename)%00%(upstream:remoteref) --ignore-case refs/heads/master refs/remotes/master [18ms]
2025-04-29 11:16:01.266 [warning] [Git][revParse] Unable to read file: ENOENT: no such file or directory, open '/Users/shaikhtahir/Documents/By Haart/Byheart/.git/refs/remotes/origin/master'
2025-04-29 11:16:01.284 [info] > git rev-parse refs/remotes/origin/master [18ms]
2025-04-29 11:16:01.361 [info] > git for-each-ref --sort -committerdate --format %(refname) %(objectname) %(*objectname) [75ms]
2025-04-29 11:16:01.363 [info] > git status -z -uall [78ms]
2025-04-29 11:16:06.390 [info] > git config --get commit.template [17ms]
2025-04-29 11:16:06.391 [info] > git for-each-ref --format=%(refname)%00%(upstream:short)%00%(objectname)%00%(upstream:track)%00%(upstream:remotename)%00%(upstream:remoteref) --ignore-case refs/heads/master refs/remotes/master [17ms]
2025-04-29 11:16:06.392 [warning] [Git][revParse] Unable to read file: ENOENT: no such file or directory, open '/Users/shaikhtahir/Documents/By Haart/Byheart/.git/refs/remotes/origin/master'
2025-04-29 11:16:06.411 [info] > git rev-parse refs/remotes/origin/master [19ms]
2025-04-29 11:16:06.430 [info] > git for-each-ref --sort -committerdate --format %(refname) %(objectname) %(*objectname) [17ms]
2025-04-29 11:16:06.431 [info] > git status -z -uall [19ms]
2025-04-29 11:16:22.355 [info] > git for-each-ref --sort -committerdate --format %(refname) %(objectname) %(*objectname) [17ms]
2025-04-29 11:16:25.604 [info] > git for-each-ref --sort -committerdate --format %(refname) %(objectname) %(*objectname) [20ms]
2025-04-29 11:16:34.322 [info] > git diff-tree -r --name-status -z --diff-filter=ADMR --find-renames=50% 578ad34c9dd4fab8156bea7ca11d7f7b8f5797e6 ca61b9b7008f839571a3f19d8422b23e46a06b78 [17ms]
2025-04-29 11:16:34.459 [info] > git ls-tree -l ca61b9b7008f839571a3f19d8422b23e46a06b78 -- requirements.txt [104ms]
2025-04-29 11:16:34.460 [info] > git show --textconv ca61b9b7008f839571a3f19d8422b23e46a06b78:requirements.txt [106ms]
2025-04-29 11:16:34.884 [info] > git check-ignore -v -z --stdin [17ms]
2025-04-29 11:16:36.488 [info] > git hash-object -t tree /dev/null [17ms]
2025-04-29 11:16:36.505 [info] > git diff-tree -r --name-status -z --diff-filter=ADMR --find-renames=50% 4b825dc642cb6eb9a060e54bf8d69288fbee4904 578ad34c9dd4fab8156bea7ca11d7f7b8f5797e6 [16ms]
2025-04-29 11:16:36.628 [info] > git show --textconv 578ad34c9dd4fab8156bea7ca11d7f7b8f5797e6:.gitignore [109ms]
2025-04-29 11:16:36.628 [info] > git show --textconv 578ad34c9dd4fab8156bea7ca11d7f7b8f5797e6:README.md [108ms]
2025-04-29 11:16:36.635 [info] > git show --textconv 578ad34c9dd4fab8156bea7ca11d7f7b8f5797e6:.DS_Store [117ms]
2025-04-29 11:16:36.653 [info] > git show --textconv 578ad34c9dd4fab8156bea7ca11d7f7b8f5797e6:app.py [132ms]
2025-04-29 11:16:36.653 [info] > git show --textconv 578ad34c9dd4fab8156bea7ca11d7f7b8f5797e6:templates/typing.html [123ms]
2025-04-29 11:16:36.657 [info] > git show --textconv 578ad34c9dd4fab8156bea7ca11d7f7b8f5797e6:database.db [135ms]
2025-04-29 11:16:36.658 [info] > git ls-tree -l 578ad34c9dd4fab8156bea7ca11d7f7b8f5797e6 -- .DS_Store [126ms]
2025-04-29 11:16:36.659 [info] > git ls-tree -l 578ad34c9dd4fab8156bea7ca11d7f7b8f5797e6 -- README.md [123ms]
2025-04-29 11:16:36.660 [info] > git show --textconv 578ad34c9dd4fab8156bea7ca11d7f7b8f5797e6:templates/index.html [134ms]
2025-04-29 11:16:36.660 [info] > git ls-tree -l 578ad34c9dd4fab8156bea7ca11d7f7b8f5797e6 -- .gitignore [126ms]
2025-04-29 11:16:36.663 [info] > git ls-tree -l 578ad34c9dd4fab8156bea7ca11d7f7b8f5797e6 -- database.db [123ms]
2025-04-29 11:16:36.668 [info] > git ls-tree -l 578ad34c9dd4fab8156bea7ca11d7f7b8f5797e6 -- app.py [130ms]
2025-04-29 11:16:36.687 [info] > git show --textconv 578ad34c9dd4fab8156bea7ca11d7f7b8f5797e6:templates/results.html [159ms]
2025-04-29 11:16:36.791 [info] > git ls-tree -l 578ad34c9dd4fab8156bea7ca11d7f7b8f5797e6 -- mic_recording.wav [249ms]
2025-04-29 11:16:36.792 [info] > git ls-tree -l 578ad34c9dd4fab8156bea7ca11d7f7b8f5797e6 -- templates/results.html [246ms]
2025-04-29 11:16:36.792 [info] > git ls-tree -l 578ad34c9dd4fab8156bea7ca11d7f7b8f5797e6 -- templates/typing.html [242ms]
2025-04-29 11:16:36.792 [info] > git ls-tree -l 578ad34c9dd4fab8156bea7ca11d7f7b8f5797e6 -- templates/index.html [248ms]
2025-04-29 11:16:36.861 [info] > git show --textconv 578ad34c9dd4fab8156bea7ca11d7f7b8f5797e6:mic_recording.wav [337ms]
2025-04-29 11:16:37.085 [info] > git check-ignore -v -z --stdin [32ms]
2025-04-29 11:16:54.742 [info] > git show --textconv :templates/index.html [19ms]
2025-04-29 11:16:54.742 [info] > git show --textconv HEAD:templates/index.html [18ms]
2025-04-29 11:16:54.743 [info] > git ls-files --stage -- templates/index.html [18ms]
2025-04-29 11:16:54.744 [info] > git ls-tree -l HEAD -- templates/index.html [18ms]
2025-04-29 11:16:54.763 [info] > git cat-file -s ef7e299911e697131a2d5e848dd3a5642d2183fc [18ms]
2025-04-29 11:17:48.732 [info] > git ls-tree -l 578ad34c9dd4fab8156bea7ca11d7f7b8f5797e6 -- .gitignore [23ms]
2025-04-29 11:17:48.733 [info] > git ls-tree -l 578ad34c9dd4fab8156bea7ca11d7f7b8f5797e6 -- README.md [22ms]
2025-04-29 11:17:52.083 [info] > git log --format=%H%n%aN%n%aE%n%at%n%ct%n%P%n%D%n%B -z --shortstat --diff-merges=first-parent -n50 --skip=0 --topo-order --decorate=full --stdin [22ms]
2025-04-29 11:18:56.039 [info] > git config --get commit.template [18ms]
2025-04-29 11:18:56.040 [info] > git for-each-ref --format=%(refname)%00%(upstream:short)%00%(objectname)%00%(upstream:track)%00%(upstream:remotename)%00%(upstream:remoteref) --ignore-case refs/heads/master refs/remotes/master [18ms]
2025-04-29 11:18:56.041 [warning] [Git][revParse] Unable to read file: ENOENT: no such file or directory, open '/Users/shaikhtahir/Documents/By Haart/Byheart/.git/refs/remotes/origin/master'
2025-04-29 11:18:56.058 [info] > git rev-parse refs/remotes/origin/master [17ms]
2025-04-29 11:18:56.079 [info] > git for-each-ref --sort -committerdate --format %(refname) %(objectname) %(*objectname) [19ms]
2025-04-29 11:18:56.080 [info] > git status -z -uall [21ms]
